<?xml version="1.0" encoding="UTF-8"?>
<!-- Generated by org.testng.reporters.JUnitReportReporter -->
<testsuite hostname="DESKTOP-F5BRIJ9" failures="0" tests="1" name="com.test.DemoTest" time="0.025" errors="0" timestamp="29 Sep 2022 03:05:48 GMT" skipped="0">
  <testcase classname="com.test.DemoTest" name="test01" time="0.025"/>
</testsuite> <!-- com.test.DemoTest -->
