<?xml version="1.0" encoding="UTF-8"?>
<!-- Generated by org.testng.reporters.JUnitReportReporter -->
<testsuite hostname="DESKTOP-F5BRIJ9" failures="0" tests="2" name="com.test.DemoTest" time="0.038" errors="0" timestamp="29 Sep 2022 11:22:35 GMT" skipped="0">
  <testcase classname="com.test.DemoTest" name="test02" time="0.002"/>
  <testcase classname="com.test.DemoTest" name="test01" time="0.036"/>
</testsuite> <!-- com.test.DemoTest -->
